<?xml version="1.0" encoding="UTF-8"?>
<!-- Generated by org.testng.reporters.JUnitReportReporter -->
<testsuite hostname="Андрей-ПК" name="demo.test.Jobs" tests="1" failures="0" timestamp="5 Aug 2014 22:09:34 GMT" time="81.398" errors="0">
  <testcase name="xTest" time="81.398" classname="demo.test.Jobs"/>
</testsuite> <!-- demo.test.Jobs -->
