<?xml version="1.0" encoding="UTF-8"?>
<!-- Generated by org.testng.reporters.JUnitReportReporter -->
<testsuite hostname="Андрей-ПК" name="demo.test.Shop" tests="1" failures="0" timestamp="7 Aug 2014 06:17:09 GMT" time="49.512" errors="0">
  <testcase name="xTest" time="49.512" classname="demo.test.Shop"/>
</testsuite> <!-- demo.test.Shop -->
