<?xml version="1.0" encoding="UTF-8"?>
<!-- Generated by org.testng.reporters.JUnitReportReporter -->
<testsuite hostname="Андрей-ПК" name="demo.test.Finance" tests="1" failures="0" timestamp="7 Aug 2014 06:17:09 GMT" time="28.790" errors="0">
  <testcase name="xTest" time="28.790" classname="demo.test.Finance"/>
</testsuite> <!-- demo.test.Finance -->
