<?xml version="1.0" encoding="UTF-8"?>
<!-- Generated by org.testng.reporters.JUnitReportReporter -->
<testsuite hostname="Андрей-ПК" name="demo.test.TVset" tests="1" failures="0" timestamp="7 Aug 2014 06:17:09 GMT" time="23.956" errors="0">
  <testcase name="xTest" time="23.956" classname="demo.test.TVset"/>
</testsuite> <!-- demo.test.TVset -->
